2026-01-28 14:01:24,907 - INFO - Database connection successful!
2026-01-28 14:01:25,078 - INFO - No metadata found for pipeline sales_silver. Assuming first run with last_insert_date = 1900-01-01
2026-01-28 14:01:25,100 - INFO - Extracted 805 new RAW records since 1900-01-01 00:00:00
2026-01-28 14:01:25,101 - INFO - Starting sales transformation
2026-01-28 14:01:25,101 - INFO - Input records count: 805
2026-01-28 14:01:25,110 - INFO - Filled NULL discounts with 0 for 152 records
2026-01-28 14:01:25,111 - WARNING - Converted 123 negative quantity values to positive
2026-01-28 14:01:25,111 - INFO - Parsing sales date column
2026-01-28 14:01:25,124 - INFO - Valid records: 670 | Invalid records: 135
2026-01-28 14:01:25,124 - INFO - Sales transformation completed in 0.02 seconds
2026-01-28 14:01:25,568 - INFO - Loaded 670 records into silver.sales (UPSERT on transaction_id)
2026-01-28 14:01:25,662 - INFO - Updated ETL metadata for sales_silver with last_insert_date = 2026-01-28 06:42:44.675248
2026-01-30 13:22:56,683 - INFO - Database connection successful!
2026-01-30 13:22:56,820 - INFO - Last processed insert_date: 2026-01-28 06:42:44.675248
2026-01-30 13:22:56,832 - INFO - Extracted 0 new RAW records since 2026-01-28 06:42:44.675248
2026-01-30 13:22:56,832 - INFO - No new RAW data found. Pipeline finished.
2026-01-30 13:27:45,599 - INFO - Database connection successful!
2026-01-30 13:27:45,667 - INFO - Loaded 25 records from file C:\Users\shiza\Downloads\MidLevel_DataEngineer_Assessment\data\raw\sales_data_scaled.json
2026-01-30 13:27:45,753 - INFO - Successfully inserted 25 records into raw.sales_raw
2026-01-30 13:27:45,832 - INFO - Last processed insert_date: 2026-01-28 06:42:44.675248
2026-01-30 13:27:45,840 - INFO - Extracted 25 new RAW records since 2026-01-28 06:42:44.675248
2026-01-30 13:27:45,841 - INFO - Starting sales transformation
2026-01-30 13:27:45,842 - INFO - Input records count: 25
2026-01-30 13:27:45,854 - INFO - Filled NULL discounts with 0 for 4 records
2026-01-30 13:27:45,855 - WARNING - Converted 3 negative quantity values to positive
2026-01-30 13:27:45,855 - INFO - Parsing sales date column
2026-01-30 13:27:45,874 - INFO - Valid records: 22 | Invalid records: 3
2026-01-30 13:27:45,874 - INFO - Sales transformation completed in 0.03 seconds
2026-01-30 13:27:45,966 - INFO - Loaded 22 records into silver.sales (UPSERT on transaction_id)
2026-01-30 13:27:46,041 - INFO - Updated ETL metadata for sales_silver with last_insert_date = 2026-01-30 08:27:45.740217
2026-01-30 13:28:38,425 - INFO - Saved 3 invalid records to C:\Users\shiza\Downloads\MidLevel_DataEngineer_Assessment\Part1\logs\invalid_sales.json
2026-01-30 15:43:36,038 - INFO - Database connection successful!
2026-01-30 15:43:46,768 - ERROR - RAW load failed: [Errno 2] No such file or directory: 'C:\Users\shiza\Downloads\MidLevel_DataEngineer_Assessment\data\raw\sales_data_scaled.json'
2026-01-30 15:44:20,728 - INFO - Database connection successful!
2026-01-30 15:44:20,782 - INFO - Loaded 25 records from file C:\Users\shiza\Downloads\MidLevel_DataEngineer_Assessment\data\sales_data_scaled.json
2026-01-30 15:44:20,885 - INFO - Successfully inserted 25 records into raw.sales_raw
2026-01-30 15:44:20,982 - INFO - Last processed insert_date: 2026-01-30 08:27:45.740217
2026-01-30 15:44:20,990 - INFO - Extracted 25 new RAW records since 2026-01-30 08:27:45.740217
2026-01-30 15:44:20,991 - INFO - Starting sales transformation
2026-01-30 15:44:20,991 - INFO - Input records count: 25
2026-01-30 15:44:20,997 - INFO - Filled NULL discounts with 0 for 4 records
2026-01-30 15:44:20,998 - WARNING - Converted 3 negative quantity values to positive
2026-01-30 15:44:20,998 - INFO - Parsing sales date column
2026-01-30 15:44:21,018 - INFO - Valid records: 22 | Invalid records: 3
2026-01-30 15:44:21,018 - INFO - Sales transformation completed in 0.03 seconds
2026-01-30 15:44:21,125 - INFO - Loaded 22 records into silver.sales (UPSERT on transaction_id)
2026-01-30 15:44:21,220 - INFO - Updated ETL metadata for sales_silver with last_insert_date = 2026-01-30 10:44:20.872761
2026-01-30 15:45:14,232 - INFO - Database connection successful!
2026-01-30 15:45:14,249 - INFO - Loaded 25 records from file C:\Users\shiza\Downloads\MidLevel_DataEngineer_Assessment\data\sales_data_scaled.json
2026-01-30 15:45:14,367 - INFO - Successfully inserted 25 records into raw.sales_raw
2026-01-30 15:45:14,454 - INFO - Last processed insert_date: 2026-01-30 10:44:20.872761
2026-01-30 15:45:14,463 - INFO - Extracted 25 new RAW records since 2026-01-30 10:44:20.872761
2026-01-30 15:45:14,464 - INFO - Starting sales transformation
2026-01-30 15:45:14,465 - INFO - Input records count: 25
2026-01-30 15:45:14,471 - INFO - Filled NULL discounts with 0 for 4 records
2026-01-30 15:45:14,472 - WARNING - Converted 3 negative quantity values to positive
2026-01-30 15:45:14,472 - INFO - Parsing sales date column
2026-01-30 15:45:14,494 - INFO - Valid records: 22 | Invalid records: 3
2026-01-30 15:45:14,494 - INFO - Sales transformation completed in 0.03 seconds
2026-01-30 15:45:14,603 - INFO - Loaded 22 records into silver.sales (UPSERT on transaction_id)
2026-01-30 15:45:14,700 - INFO - Updated ETL metadata for sales_silver with last_insert_date = 2026-01-30 10:45:14.353315
2026-01-30 15:46:08,297 - INFO - Database connection successful!
2026-01-30 15:46:08,314 - INFO - Loaded 25 records from file C:\Users\shiza\Downloads\MidLevel_DataEngineer_Assessment\data\sales_data_scaled.json
2026-01-30 15:46:08,402 - INFO - Successfully inserted 25 records into raw.sales_raw
2026-01-30 15:46:08,489 - INFO - Last processed insert_date: 2026-01-30 10:45:14.353315
2026-01-30 15:46:08,495 - INFO - Extracted 25 new RAW records since 2026-01-30 10:45:14.353315
2026-01-30 15:46:08,496 - INFO - Starting sales transformation
2026-01-30 15:46:08,497 - INFO - Input records count: 25
2026-01-30 15:46:08,503 - INFO - Filled NULL discounts with 0 for 4 records
2026-01-30 15:46:08,503 - WARNING - Converted 3 negative quantity values to positive
2026-01-30 15:46:08,504 - INFO - Parsing sales date column
2026-01-30 15:46:08,525 - INFO - Valid records: 22 | Invalid records: 3
2026-01-30 15:46:08,525 - INFO - Sales transformation completed in 0.03 seconds
2026-01-30 15:46:08,634 - INFO - Loaded 22 records into silver.sales (UPSERT on transaction_id)
2026-01-30 15:46:08,726 - INFO - Updated ETL metadata for sales_silver with last_insert_date = 2026-01-30 10:46:08.392274
2026-01-30 15:46:37,400 - INFO - Database connection successful!
2026-01-30 15:46:37,417 - INFO - Loaded 25 records from file C:\Users\shiza\Downloads\MidLevel_DataEngineer_Assessment\data\sales_data_scaled.json
2026-01-30 15:46:37,519 - INFO - Successfully inserted 25 records into raw.sales_raw
2026-01-30 15:46:37,618 - INFO - Last processed insert_date: 2026-01-30 10:46:08.392274
2026-01-30 15:46:37,629 - INFO - Extracted 25 new RAW records since 2026-01-30 10:46:08.392274
2026-01-30 15:46:37,630 - INFO - Starting sales transformation
2026-01-30 15:46:37,631 - INFO - Input records count: 25
2026-01-30 15:46:37,639 - INFO - Filled NULL discounts with 0 for 4 records
2026-01-30 15:46:37,639 - WARNING - Converted 3 negative quantity values to positive
2026-01-30 15:46:37,639 - INFO - Parsing sales date column
2026-01-30 15:46:37,662 - INFO - Valid records: 22 | Invalid records: 3
2026-01-30 15:46:37,662 - INFO - Sales transformation completed in 0.03 seconds
2026-01-30 15:46:37,768 - INFO - Loaded 22 records into silver.sales (UPSERT on transaction_id)
2026-01-30 15:46:37,863 - INFO - Updated ETL metadata for sales_silver with last_insert_date = 2026-01-30 10:46:37.506860
2026-01-30 15:47:15,082 - INFO - Loaded 25 records from file C:\Users\shiza\Downloads\MidLevel_DataEngineer_Assessment\data\sales_data_scaled.json
2026-01-30 15:47:15,208 - INFO - Successfully inserted 25 records into raw.sales_raw
2026-01-30 15:47:15,307 - INFO - Last processed insert_date: 2026-01-30 10:46:37.506860
2026-01-30 15:47:15,315 - INFO - Extracted 25 new RAW records since 2026-01-30 10:46:37.506860
2026-01-30 15:47:15,315 - INFO - Starting sales transformation
2026-01-30 15:47:15,316 - INFO - Input records count: 25
2026-01-30 15:47:15,319 - INFO - Filled NULL discounts with 0 for 4 records
2026-01-30 15:47:15,319 - WARNING - Converted 3 negative quantity values to positive
2026-01-30 15:47:15,319 - INFO - Parsing sales date column
2026-01-30 15:47:15,376 - INFO - Valid records: 22 | Invalid records: 3
2026-01-30 15:47:15,376 - INFO - Sales transformation completed in 0.06 seconds
2026-01-30 15:47:15,478 - INFO - Loaded 22 records into silver.sales (UPSERT on transaction_id)
2026-01-30 15:47:15,570 - INFO - Updated ETL metadata for sales_silver with last_insert_date = 2026-01-30 10:47:15.192979
2026-01-30 15:47:43,393 - INFO - Database connection successful!
2026-01-30 15:47:43,412 - INFO - Loaded 25 records from file C:\Users\shiza\Downloads\MidLevel_DataEngineer_Assessment\data\sales_data_scaled.json
2026-01-30 15:47:43,517 - INFO - Successfully inserted 25 records into raw.sales_raw
2026-01-30 15:47:43,614 - INFO - Last processed insert_date: 2026-01-30 10:47:15.192979
2026-01-30 15:47:43,623 - INFO - Extracted 25 new RAW records since 2026-01-30 10:47:15.192979
2026-01-30 15:47:43,624 - INFO - Starting sales transformation
2026-01-30 15:47:43,625 - INFO - Input records count: 25
2026-01-30 15:47:43,631 - INFO - Filled NULL discounts with 0 for 4 records
2026-01-30 15:47:43,631 - WARNING - Converted 3 negative quantity values to positive
2026-01-30 15:47:43,632 - INFO - Parsing sales date column
2026-01-30 15:47:43,653 - INFO - Valid records: 22 | Invalid records: 3
2026-01-30 15:47:43,653 - INFO - Sales transformation completed in 0.03 seconds
2026-01-30 15:47:43,755 - INFO - Loaded 22 records into silver.sales (UPSERT on transaction_id)
2026-01-30 15:47:43,846 - INFO - Updated ETL metadata for sales_silver with last_insert_date = 2026-01-30 10:47:43.503799
2026-01-30 15:47:43,859 - INFO - Saved 3 invalid records to C:\Users\shiza\Downloads\MidLevel_DataEngineer_Assessment\Part1\logs\invalid_sales.json
2026-01-30 15:49:14,048 - INFO - Database connection successful!
2026-01-30 15:49:14,071 - INFO - Loaded 25 records from file C:\Users\shiza\Downloads\MidLevel_DataEngineer_Assessment\data\sales_data_scaled.json
2026-01-30 15:49:14,169 - INFO - Successfully inserted 25 records into raw.sales_raw
2026-01-30 15:49:14,272 - INFO - Last processed insert_date: 2026-01-30 10:47:43.503799
2026-01-30 15:49:14,281 - INFO - Extracted 25 new RAW records since 2026-01-30 10:47:43.503799
2026-01-30 15:49:14,282 - INFO - Starting sales transformation
2026-01-30 15:49:14,283 - INFO - Input records count: 25
2026-01-30 15:49:14,289 - INFO - Filled NULL discounts with 0 for 4 records
2026-01-30 15:49:14,290 - WARNING - Converted 3 negative quantity values to positive
2026-01-30 15:49:14,290 - INFO - Parsing sales date column
2026-01-30 15:49:14,314 - INFO - Valid records: 22 | Invalid records: 3
2026-01-30 15:49:14,315 - INFO - Sales transformation completed in 0.03 seconds
2026-01-30 15:49:14,426 - INFO - Loaded 22 records into silver.sales (UPSERT on transaction_id)
2026-01-30 15:49:14,523 - INFO - Updated ETL metadata for sales_silver with last_insert_date = 2026-01-30 10:49:14.155581
2026-01-30 15:49:14,537 - INFO - Saved 3 invalid records to C:\Users\shiza\Downloads\MidLevel_DataEngineer_Assessment\Part1\logs\invalid_sales.json
2026-01-30 15:51:08,723 - INFO - Updated ETL metadata for sales_silver with last_insert_date = 2026-01-30 10:49:14.155581
2026-01-30 15:51:53,121 - INFO - Loaded 25 records from file C:\Users\shiza\Downloads\MidLevel_DataEngineer_Assessment\data\sales_data_scaled.json
2026-01-30 15:51:53,233 - INFO - Successfully inserted 25 records into raw.sales_raw
2026-01-30 15:51:53,331 - INFO - Last processed insert_date: 2026-01-30 10:49:14.155581
2026-01-30 15:51:53,338 - INFO - Extracted 25 new RAW records since 2026-01-30 10:49:14.155581
2026-01-30 15:51:53,339 - INFO - Starting sales transformation
2026-01-30 15:51:53,340 - INFO - Input records count: 25
2026-01-30 15:51:53,344 - INFO - Filled NULL discounts with 0 for 4 records
2026-01-30 15:51:53,345 - WARNING - Converted 3 negative quantity values to positive
2026-01-30 15:51:53,345 - INFO - Parsing sales date column
2026-01-30 15:51:53,367 - INFO - Valid records: 22 | Invalid records: 3
2026-01-30 15:51:53,367 - INFO - Sales transformation completed in 0.03 seconds
2026-01-30 15:51:53,462 - INFO - Updated ETL metadata for sales_silver with last_insert_date = 2026-01-30 10:51:53.219943
2026-01-30 15:51:53,575 - INFO - Loaded 22 records into silver.sales (UPSERT on transaction_id)
2026-01-30 15:51:53,587 - INFO - Saved 3 invalid records to C:\Users\shiza\Downloads\MidLevel_DataEngineer_Assessment\Part1\logs\invalid_sales.json
2026-01-30 15:55:18,532 - INFO - Updated ETL metadata for sales_silver with last_insert_date = 2026-01-30 10:51:53.219943
2026-01-30 15:55:22,687 - INFO - Loaded 25 records from file C:\Users\shiza\Downloads\MidLevel_DataEngineer_Assessment\data\sales_data_scaled.json
2026-01-30 15:55:22,799 - INFO - Successfully inserted 25 records into raw.sales_raw
2026-01-30 15:55:22,895 - INFO - Last processed insert_date: 2026-01-30 10:51:53.219943
2026-01-30 15:55:22,904 - INFO - Extracted 25 new RAW records since 2026-01-30 10:51:53.219943
2026-01-30 16:05:41,334 - INFO - Loaded 25 records from file C:\Users\shiza\Downloads\MidLevel_DataEngineer_Assessment\data\raw\sales_data_scaled.json
2026-01-30 16:05:41,463 - INFO - Successfully inserted 25 records into raw.sales_raw
2026-01-30 16:05:41,466 - INFO - Moved file to processed folder: C:\Users\shiza\Downloads\MidLevel_DataEngineer_Assessment\data\processed\sales_data_scaled.json
2026-01-30 16:07:34,430 - INFO - Database connection successful!
2026-01-30 16:07:34,448 - ERROR - RAW load failed for file C:\Users\shiza\Downloads\MidLevel_DataEngineer_Assessment\data\raw\sales_data_scaled.json: [Errno 2] No such file or directory: 'C:\\Users\\shiza\\Downloads\\MidLevel_DataEngineer_Assessment\\data\\raw\\sales_data_scaled.json'
2026-01-30 16:09:10,222 - INFO - Database connection successful!
2026-01-30 16:09:10,238 - WARNING - RAW file not found. Skipping load: C:\Users\shiza\Downloads\MidLevel_DataEngineer_Assessment\data\raw\sales_data_scaled.json
2026-01-30 16:09:10,336 - INFO - Last processed insert_date: 2026-01-30 10:51:53.219943
2026-01-30 16:09:10,345 - INFO - Extracted 50 new RAW records since 2026-01-30 10:51:53.219943
2026-01-30 16:09:10,345 - INFO - Starting sales transformation
2026-01-30 16:09:10,346 - INFO - Input records count: 50
2026-01-30 16:09:10,352 - INFO - Filled NULL discounts with 0 for 8 records
2026-01-30 16:09:10,353 - WARNING - Converted 6 negative quantity values to positive
2026-01-30 16:09:10,353 - INFO - Parsing sales date column
2026-01-30 16:09:10,375 - INFO - Valid records: 44 | Invalid records: 6
2026-01-30 16:09:10,375 - INFO - Sales transformation completed in 0.03 seconds
2026-01-30 16:09:10,494 - INFO - Loaded 44 records into silver.sales (UPSERT on transaction_id)
2026-01-30 16:09:10,590 - INFO - Updated ETL metadata for sales_silver with last_insert_date = 2026-01-30 11:05:41.448872
2026-01-30 16:09:10,605 - INFO - Saved 6 invalid records to C:\Users\shiza\Downloads\MidLevel_DataEngineer_Assessment\Part1\logs\invalid_sales.json
2026-01-30 16:09:10,717 - INFO - Updated ETL metadata for sales_silver with last_insert_date = 2026-01-30 11:05:41.448872
2026-01-30 16:21:54,363 - INFO - Database connection successful!
2026-01-30 16:21:54,383 - WARNING - RAW file not found. Skipping load: C:\Users\shiza\Downloads\MidLevel_DataEngineer_Assessment\data\raw\sales_data_scaled.json
2026-01-30 16:21:54,480 - INFO - Last processed insert_date: 2026-01-30 11:05:41.448872
2026-01-30 16:21:54,486 - INFO - Extracted 0 new RAW records since 2026-01-30 11:05:41.448872
2026-01-30 16:21:54,487 - INFO - No new RAW data found. Pipeline finished.
2026-01-30 16:26:38,136 - INFO - Database connection successful!
2026-01-30 16:26:38,156 - ERROR - RAW load failed for file C:\Users\shiza\Downloads\MidLevel_DataEngineer_Assessment\data\raw\sales_data_scaled.json: [Errno 2] No such file or directory: 'C:\\Users\\shiza\\Downloads\\MidLevel_DataEngineer_Assessment\\data\\raw\\sales_data_scaled.json'
2026-01-30 16:27:28,170 - INFO - Database connection successful!
2026-01-30 16:27:28,190 - WARNING - RAW file not found. Skipping load: C:\Users\shiza\Downloads\MidLevel_DataEngineer_Assessment\data\raw\sales_data_scaled.json
2026-01-30 16:27:28,286 - INFO - Last processed insert_date: 2026-01-30 11:05:41.448872
2026-01-30 16:27:28,293 - INFO - Extracted 0 new RAW records since 2026-01-30 11:05:41.448872
2026-01-30 16:27:28,294 - INFO - No new RAW data found. Pipeline finished.
2026-01-30 16:53:39,059 - INFO - No new RAW data found. Pipeline finished.
2026-01-30 16:53:53,260 - INFO - Database connection successful!
2026-01-30 16:53:53,280 - WARNING - RAW file not found. Skipping load: C:\Users\shiza\Downloads\MidLevel_DataEngineer_Assessment\data\raw\sales_data_scaled.json
2026-01-30 16:53:53,376 - INFO - Last processed insert_date: 2026-01-30 11:05:41.448872
2026-01-30 16:53:53,382 - INFO - Extracted 0 new RAW records since 2026-01-30 11:05:41.448872
2026-01-30 16:53:53,408 - INFO - No new RAW data found. Pipeline finished.
2026-01-30 17:04:45,135 - INFO - Database connection successful!
2026-01-30 17:04:45,183 - INFO - Loaded 20 records from file C:\Users\afiniti\Downloads\MidLevel_DataEngineer_Assessment\data\raw\sales_data_scaled.json
2026-01-30 17:04:45,288 - INFO - Successfully inserted 20 records into raw.sales_raw
2026-01-30 17:04:45,294 - INFO - Moved file to processed folder: C:\Users\afiniti\Downloads\MidLevel_DataEngineer_Assessment\data\processed\sales_data_scaled.json
2026-01-30 17:04:45,387 - INFO - Last processed insert_date: 2026-01-30 11:05:41.448872
2026-01-30 17:04:45,399 - INFO - Extracted 20 new RAW records since 2026-01-30 11:05:41.448872
2026-01-30 17:04:45,413 - INFO - Starting sales transformation
2026-01-30 17:04:45,415 - INFO - Input records count: 20
2026-01-30 17:04:45,421 - INFO - Filled NULL discounts with 0 for 3 records
2026-01-30 17:04:45,422 - WARNING - Converted 4 negative quantity values to positive
2026-01-30 17:04:45,422 - INFO - Parsing sales date column
2026-01-30 17:04:45,445 - INFO - Valid records: 16 | Invalid records: 4
2026-01-30 17:04:45,445 - INFO - Sales transformation completed in 0.03 seconds
2026-01-30 17:04:45,546 - INFO - Loaded 16 records into silver.sales (UPSERT on transaction_id)
2026-01-30 17:04:45,642 - INFO - Updated ETL metadata for sales_silver with last_insert_date = 2026-01-30 12:04:45.276624
2026-01-30 17:04:45,656 - INFO - Saved 4 invalid records to C:\Users\afiniti\Downloads\MidLevel_DataEngineer_Assessment\Part1\logs\invalid_sales.json
2026-01-30 17:12:18,994 - INFO - Database connection successful!
2026-01-30 17:12:19,067 - INFO - Loaded 105 records from file C:\Users\afiniti\Downloads\MidLevel_DataEngineer_Assessment\data\raw\sales_data_scaled.json
2026-01-30 17:12:19,275 - INFO - Successfully inserted 105 records into raw.sales_raw
2026-01-30 17:12:19,280 - INFO - Moved file to processed folder: C:\Users\afiniti\Downloads\MidLevel_DataEngineer_Assessment\data\processed\sales_data_scaled.json
2026-01-30 17:12:19,381 - INFO - Last processed insert_date: 2026-01-30 12:04:45.276624
2026-01-30 17:12:19,392 - INFO - Extracted 105 new RAW records since 2026-01-30 12:04:45.276624
2026-01-30 17:12:19,408 - INFO - Starting sales transformation
2026-01-30 17:12:19,409 - INFO - Input records count: 105
2026-01-30 17:12:19,418 - INFO - Filled NULL discounts with 0 for 31 records
2026-01-30 17:12:19,418 - INFO - Parsing sales date column
2026-01-30 17:12:19,448 - INFO - Valid records: 87 | Invalid records: 18
2026-01-30 17:12:19,448 - INFO - Sales transformation completed in 0.04 seconds
2026-01-30 17:12:19,610 - INFO - Loaded 87 records into silver.sales (UPSERT on transaction_id)
2026-01-30 17:12:19,719 - INFO - Updated ETL metadata for sales_silver with last_insert_date = 2026-01-30 12:12:19.223766
2026-01-30 17:12:19,737 - INFO - Saved 18 invalid records to C:\Users\afiniti\Downloads\MidLevel_DataEngineer_Assessment\Part1\logs\invalid_sales.json
2026-01-30 18:20:22,608 - INFO - Database connection successful!
2026-01-30 18:20:22,652 - INFO - Loaded 15 records from file c:\Users\afiniti\sales-and-customer-analytics-platform\data\raw\sales_data_scaled.json
2026-01-30 18:20:22,771 - INFO - Successfully inserted 15 records into raw.sales_raw
2026-01-30 18:20:22,776 - INFO - Moved file to processed folder: c:\Users\afiniti\sales-and-customer-analytics-platform\data\processed\sales_data_scaled.json
2026-01-30 18:20:22,930 - INFO - Last processed insert_date: 2026-01-30 12:12:19.223766
2026-01-30 18:20:22,939 - INFO - Extracted 15 new RAW records since 2026-01-30 12:12:19.223766
2026-01-30 18:20:22,963 - INFO - Starting sales transformation
2026-01-30 18:20:22,964 - INFO - Input records count: 15
2026-01-30 18:20:22,971 - INFO - Filled NULL discounts with 0 for 2 records
2026-01-30 18:20:22,971 - INFO - Parsing sales date column
2026-01-30 18:20:22,997 - INFO - Valid records: 14 | Invalid records: 1
2026-01-30 18:20:22,997 - INFO - Sales transformation completed in 0.03 seconds
2026-01-30 18:20:23,105 - INFO - Loaded 14 records into silver.sales (UPSERT on transaction_id)
2026-01-30 18:20:23,195 - INFO - Updated ETL metadata for sales_silver with last_insert_date = 2026-01-30 13:20:22.759356
2026-01-30 18:20:23,206 - INFO - Saved 1 invalid records to c:\Users\afiniti\sales-and-customer-analytics-platform\logs\invalid_sales.json
